mode: set
github.com/dragonzurfer/trader/atmcs/entrysatisfy.go:11.43,15.16 4 0
github.com/dragonzurfer/trader/atmcs/entrysatisfy.go:19.2,20.13 2 0
github.com/dragonzurfer/trader/atmcs/entrysatisfy.go:15.16,18.3 2 0
github.com/dragonzurfer/trader/atmcs/entrysatisfy.go:23.72,27.16 4 0
github.com/dragonzurfer/trader/atmcs/entrysatisfy.go:30.2,31.16 2 0
github.com/dragonzurfer/trader/atmcs/entrysatisfy.go:34.2,34.55 1 0
github.com/dragonzurfer/trader/atmcs/entrysatisfy.go:27.16,29.3 1 0
github.com/dragonzurfer/trader/atmcs/entrysatisfy.go:31.16,33.3 1 0
github.com/dragonzurfer/trader/atmcs/entrysatisfy.go:37.97,41.16 4 0
github.com/dragonzurfer/trader/atmcs/entrysatisfy.go:44.2,45.24 2 0
github.com/dragonzurfer/trader/atmcs/entrysatisfy.go:41.16,43.3 1 0
github.com/dragonzurfer/trader/atmcs/entrysatisfy.go:48.99,52.16 4 0
github.com/dragonzurfer/trader/atmcs/entrysatisfy.go:55.2,56.24 2 0
github.com/dragonzurfer/trader/atmcs/entrysatisfy.go:52.16,54.3 1 0
github.com/dragonzurfer/trader/atmcs/entrysatisfy.go:63.58,64.48 1 0
github.com/dragonzurfer/trader/atmcs/entrysatisfy.go:69.2,69.14 1 0
github.com/dragonzurfer/trader/atmcs/entrysatisfy.go:64.48,65.22 1 0
github.com/dragonzurfer/trader/atmcs/entrysatisfy.go:65.22,67.4 1 0
github.com/dragonzurfer/trader/atmcs/entrysatisfy.go:72.61,74.16 2 0
github.com/dragonzurfer/trader/atmcs/entrysatisfy.go:80.2,80.70 1 0
github.com/dragonzurfer/trader/atmcs/entrysatisfy.go:84.2,87.41 2 0
github.com/dragonzurfer/trader/atmcs/entrysatisfy.go:91.2,91.13 1 0
github.com/dragonzurfer/trader/atmcs/entrysatisfy.go:74.16,77.3 2 0
github.com/dragonzurfer/trader/atmcs/entrysatisfy.go:80.70,82.3 1 0
github.com/dragonzurfer/trader/atmcs/entrysatisfy.go:87.41,89.3 1 0
github.com/dragonzurfer/trader/atmcs/entrysatisfy.go:94.88,96.50 2 0
github.com/dragonzurfer/trader/atmcs/entrysatisfy.go:99.2,99.21 1 0
github.com/dragonzurfer/trader/atmcs/entrysatisfy.go:96.50,98.3 1 0
github.com/dragonzurfer/trader/atmcs/atmcs.go:42.48,47.16 3 1
github.com/dragonzurfer/trader/atmcs/atmcs.go:52.2,53.16 2 1
github.com/dragonzurfer/trader/atmcs/atmcs.go:57.2,58.12 2 1
github.com/dragonzurfer/trader/atmcs/atmcs.go:47.16,49.3 1 0
github.com/dragonzurfer/trader/atmcs/atmcs.go:53.16,55.3 1 0
github.com/dragonzurfer/trader/atmcs/atmcs.go:61.57,63.2 1 1
github.com/dragonzurfer/trader/atmcs/atmcs.go:65.53,67.2 1 1
github.com/dragonzurfer/trader/atmcs/atmcs.go:69.63,74.2 4 1
github.com/dragonzurfer/trader/atmcs/atmcs.go:76.42,78.2 1 0
github.com/dragonzurfer/trader/atmcs/atmcs.go:80.34,82.2 1 0
github.com/dragonzurfer/trader/atmcs/atmcs.go:84.42,86.2 1 0
github.com/dragonzurfer/trader/atmcs/atmcs.go:87.44,89.2 1 0
github.com/dragonzurfer/trader/atmcs/atmcs.go:90.43,92.2 1 0
github.com/dragonzurfer/trader/atmcs/atmcs.go:93.34,95.2 1 0
github.com/dragonzurfer/trader/atmcs/atmcs.go:96.41,98.2 1 0
github.com/dragonzurfer/trader/atmcs/atmcs.go:99.52,101.2 1 0
github.com/dragonzurfer/trader/atmcs/atmcs.go:103.40,107.2 3 1
github.com/dragonzurfer/trader/atmcs/atmcs.go:109.40,111.16 2 1
github.com/dragonzurfer/trader/atmcs/atmcs.go:116.2,118.16 3 1
github.com/dragonzurfer/trader/atmcs/atmcs.go:122.2,123.12 2 1
github.com/dragonzurfer/trader/atmcs/atmcs.go:111.16,114.3 2 0
github.com/dragonzurfer/trader/atmcs/atmcs.go:118.16,121.3 2 0
github.com/dragonzurfer/trader/atmcs/atmcs.go:126.91,128.67 2 1
github.com/dragonzurfer/trader/atmcs/atmcs.go:132.2,132.43 1 1
github.com/dragonzurfer/trader/atmcs/atmcs.go:136.2,136.43 1 1
github.com/dragonzurfer/trader/atmcs/atmcs.go:140.2,142.13 3 1
github.com/dragonzurfer/trader/atmcs/atmcs.go:128.67,131.3 2 0
github.com/dragonzurfer/trader/atmcs/atmcs.go:132.43,135.3 2 0
github.com/dragonzurfer/trader/atmcs/atmcs.go:136.43,139.3 2 0
github.com/dragonzurfer/trader/atmcs/candleadapter.go:16.48,18.2 1 0
github.com/dragonzurfer/trader/atmcs/candleadapter.go:20.47,22.2 1 0
github.com/dragonzurfer/trader/atmcs/candleadapter.go:24.49,26.2 1 0
github.com/dragonzurfer/trader/atmcs/candleadapter.go:28.48,30.2 1 0
github.com/dragonzurfer/trader/atmcs/candleadapter.go:32.77,34.2 1 0
github.com/dragonzurfer/trader/atmcs/candleadapter.go:36.66,38.2 1 0
github.com/dragonzurfer/trader/atmcs/candleadapter.go:40.49,42.2 1 0
github.com/dragonzurfer/trader/atmcs/candleadapter.go:44.69,48.2 1 0
github.com/dragonzurfer/trader/atmcs/entry.go:29.60,29.83 1 1
github.com/dragonzurfer/trader/atmcs/entry.go:30.60,30.79 1 1
github.com/dragonzurfer/trader/atmcs/entry.go:31.60,31.82 1 1
github.com/dragonzurfer/trader/atmcs/entry.go:33.53,33.72 1 1
github.com/dragonzurfer/trader/atmcs/entry.go:34.53,34.72 1 1
github.com/dragonzurfer/trader/atmcs/entry.go:35.53,35.70 1 1
github.com/dragonzurfer/trader/atmcs/entry.go:36.53,36.72 1 1
github.com/dragonzurfer/trader/atmcs/entry.go:37.53,37.82 1 1
github.com/dragonzurfer/trader/atmcs/entry.go:39.60,44.2 1 1
github.com/dragonzurfer/trader/atmcs/entry.go:46.98,49.16 2 1
github.com/dragonzurfer/trader/atmcs/entry.go:54.2,57.16 3 1
github.com/dragonzurfer/trader/atmcs/entry.go:62.2,63.16 2 1
github.com/dragonzurfer/trader/atmcs/entry.go:68.2,69.16 2 1
github.com/dragonzurfer/trader/atmcs/entry.go:74.2,79.31 5 1
github.com/dragonzurfer/trader/atmcs/entry.go:86.2,87.16 2 1
github.com/dragonzurfer/trader/atmcs/entry.go:91.2,92.16 2 1
github.com/dragonzurfer/trader/atmcs/entry.go:96.2,99.23 4 1
github.com/dragonzurfer/trader/atmcs/entry.go:49.16,52.3 2 0
github.com/dragonzurfer/trader/atmcs/entry.go:57.16,60.3 2 0
github.com/dragonzurfer/trader/atmcs/entry.go:63.16,66.3 2 0
github.com/dragonzurfer/trader/atmcs/entry.go:69.16,72.3 2 0
github.com/dragonzurfer/trader/atmcs/entry.go:79.31,82.3 2 1
github.com/dragonzurfer/trader/atmcs/entry.go:82.8,85.3 2 1
github.com/dragonzurfer/trader/atmcs/entry.go:87.16,90.3 2 0
github.com/dragonzurfer/trader/atmcs/entry.go:92.16,95.3 2 0
github.com/dragonzurfer/trader/atmcs/entry.go:102.172,116.2 3 1
github.com/dragonzurfer/trader/atmcs/entry.go:118.66,119.21 1 1
github.com/dragonzurfer/trader/atmcs/entry.go:123.2,125.36 3 1
github.com/dragonzurfer/trader/atmcs/entry.go:131.2,131.28 1 1
github.com/dragonzurfer/trader/atmcs/entry.go:135.2,138.21 3 1
github.com/dragonzurfer/trader/atmcs/entry.go:119.21,121.3 1 0
github.com/dragonzurfer/trader/atmcs/entry.go:125.36,129.3 3 1
github.com/dragonzurfer/trader/atmcs/entry.go:131.28,133.3 1 0
github.com/dragonzurfer/trader/atmcs/entry.go:141.98,143.16 2 1
github.com/dragonzurfer/trader/atmcs/entry.go:146.2,146.31 1 1
github.com/dragonzurfer/trader/atmcs/entry.go:143.16,145.3 1 0
github.com/dragonzurfer/trader/atmcs/entry.go:149.98,151.16 2 1
github.com/dragonzurfer/trader/atmcs/entry.go:154.2,154.31 1 1
github.com/dragonzurfer/trader/atmcs/entry.go:151.16,153.3 1 0
github.com/dragonzurfer/trader/atmcs/entry.go:157.131,161.34 4 1
github.com/dragonzurfer/trader/atmcs/entry.go:170.2,170.28 1 1
github.com/dragonzurfer/trader/atmcs/entry.go:161.34,163.56 2 1
github.com/dragonzurfer/trader/atmcs/entry.go:163.56,167.4 3 1
github.com/dragonzurfer/trader/atmcs/entry.go:173.135,183.20 7 1
github.com/dragonzurfer/trader/atmcs/entry.go:187.2,187.34 1 1
github.com/dragonzurfer/trader/atmcs/entry.go:204.2,204.23 1 1
github.com/dragonzurfer/trader/atmcs/entry.go:183.20,186.3 2 1
github.com/dragonzurfer/trader/atmcs/entry.go:187.34,188.42 1 1
github.com/dragonzurfer/trader/atmcs/entry.go:188.42,192.64 2 1
github.com/dragonzurfer/trader/atmcs/entry.go:192.64,195.5 2 1
github.com/dragonzurfer/trader/atmcs/entry.go:195.10,195.65 1 1
github.com/dragonzurfer/trader/atmcs/entry.go:195.65,198.5 2 1
github.com/dragonzurfer/trader/atmcs/entry.go:198.10,198.91 1 0
github.com/dragonzurfer/trader/atmcs/entry.go:198.91,199.10 1 0
github.com/dragonzurfer/trader/atmcs/entry.go:204.23,206.3 1 1
github.com/dragonzurfer/trader/atmcs/entry.go:206.8,206.27 1 1
github.com/dragonzurfer/trader/atmcs/entry.go:206.27,208.3 1 1
github.com/dragonzurfer/trader/atmcs/entry.go:208.8,210.3 1 0
github.com/dragonzurfer/trader/atmcs/entry.go:213.80,216.19 2 1
github.com/dragonzurfer/trader/atmcs/entry.go:228.2,228.27 1 0
github.com/dragonzurfer/trader/atmcs/entry.go:217.20,218.31 1 1
github.com/dragonzurfer/trader/atmcs/entry.go:221.3,221.28 1 1
github.com/dragonzurfer/trader/atmcs/entry.go:222.21,223.31 1 1
github.com/dragonzurfer/trader/atmcs/entry.go:226.3,226.28 1 1
github.com/dragonzurfer/trader/atmcs/entry.go:218.31,220.4 1 1
github.com/dragonzurfer/trader/atmcs/entry.go:223.31,225.4 1 1
github.com/dragonzurfer/trader/atmcs/entry.go:231.51,234.2 2 1
